# JRE version: OpenJDK Runtime Environment (8.0_212-b04) (build 1.8.0_212-release-1586-b04)
# Java VM: OpenJDK 64-Bit Server VM (25.212-b04 mixed mode windows-amd64 compressed oops)
Heap:
 PSYoungGen      total 340992K, used 324346K [0x00000000e0000000, 0x00000000f6d80000, 0x0000000100000000)
  eden space 309760K, 100% used [0x00000000e0000000,0x00000000f2e80000,0x00000000f2e80000)
  from space 31232K, 46% used [0x00000000f4f00000,0x00000000f5d3e808,0x00000000f6d80000)
  to   space 32256K, 0% used [0x00000000f2e80000,0x00000000f2e80000,0x00000000f4e00000)
 ParOldGen       total 172544K, used 51815K [0x00000000a0000000, 0x00000000aa880000, 0x00000000e0000000)
  object space 172544K, 30% used [0x00000000a0000000,0x00000000a3299f38,0x00000000aa880000)
 Metaspace       used 103169K, capacity 107586K, committed 108032K, reserved 1142784K
  class space    used 13291K, capacity 14168K, committed 14336K, reserved 1048576K
GC Heap History (10 events):
Event: 2291.582 GC heap before
{Heap before GC invocations=24 (full 3):
 PSYoungGen      total 212992K, used 34450K [0x00000000e0000000, 0x00000000ef580000, 0x0000000100000000)
  eden space 180224K, 5% used [0x00000000e0000000,0x00000000e0a8e120,0x00000000eb000000)
  from space 32768K, 72% used [0x00000000ed100000,0x00000000ee8169b8,0x00000000ef100000)
  to   space 33792K, 0% used [0x00000000eb000000,0x00000000eb000000,0x00000000ed100000)
 ParOldGen       total 140800K, used 51318K [0x00000000a0000000, 0x00000000a8980000, 0x00000000e0000000)
  object space 140800K, 36% used [0x00000000a0000000,0x00000000a321d818,0x00000000a8980000)
 Metaspace       used 95064K, capacity 98938K, committed 99200K, reserved 1134592K
  class space    used 12209K, capacity 13061K, committed 13184K, reserved 1048576K
Event: 2291.624 GC heap after
Heap after GC invocations=24 (full 3):
 PSYoungGen      total 214016K, used 22920K [0x00000000e0000000, 0x00000000f2500000, 0x0000000100000000)
  eden space 180224K, 0% used [0x00000000e0000000,0x00000000e0000000,0x00000000eb000000)
  from space 33792K, 67% used [0x00000000eb000000,0x00000000ec6621a8,0x00000000ed100000)
  to   space 34816K, 0% used [0x00000000f0300000,0x00000000f0300000,0x00000000f2500000)
 ParOldGen       total 140800K, used 51326K [0x00000000a0000000, 0x00000000a8980000, 0x00000000e0000000)
  object space 140800K, 36% used [0x00000000a0000000,0x00000000a321f818,0x00000000a8980000)
 Metaspace       used 95064K, capacity 98938K, committed 99200K, reserved 1134592K
  class space    used 12209K, capacity 13061K, committed 13184K, reserved 1048576K
}
Event: 2291.692 GC heap before
{Heap before GC invocations=25 (full 3):
 PSYoungGen      total 214016K, used 29303K [0x00000000e0000000, 0x00000000f2500000, 0x0000000100000000)
  eden space 180224K, 3% used [0x00000000e0000000,0x00000000e063be28,0x00000000eb000000)
  from space 33792K, 67% used [0x00000000eb000000,0x00000000ec6621a8,0x00000000ed100000)
  to   space 34816K, 0% used [0x00000000f0300000,0x00000000f0300000,0x00000000f2500000)
 ParOldGen       total 140800K, used 51326K [0x00000000a0000000, 0x00000000a8980000, 0x00000000e0000000)
  object space 140800K, 36% used [0x00000000a0000000,0x00000000a321f818,0x00000000a8980000)
 Metaspace       used 95256K, capacity 99148K, committed 99480K, reserved 1136640K
  class space    used 12229K, capacity 13066K, committed 13184K, reserved 1048576K
Event: 2291.733 GC heap after
Heap after GC invocations=25 (full 3):
 PSYoungGen      total 266240K, used 11423K [0x00000000e0000000, 0x00000000f2c80000, 0x0000000100000000)
  eden space 231424K, 0% used [0x00000000e0000000,0x00000000e0000000,0x00000000ee200000)
  from space 34816K, 32% used [0x00000000f0300000,0x00000000f0e27ec8,0x00000000f2500000)
  to   space 33792K, 0% used [0x00000000ee200000,0x00000000ee200000,0x00000000f0300000)
 ParOldGen       total 140800K, used 62435K [0x00000000a0000000, 0x00000000a8980000, 0x00000000e0000000)
  object space 140800K, 44% used [0x00000000a0000000,0x00000000a3cf8e70,0x00000000a8980000)
 Metaspace       used 95256K, capacity 99148K, committed 99480K, reserved 1136640K
  class space    used 12229K, capacity 13066K, committed 13184K, reserved 1048576K
}
Event: 2291.839 GC heap before
{Heap before GC invocations=26 (full 3):
 PSYoungGen      total 266240K, used 21125K [0x00000000e0000000, 0x00000000f2c80000, 0x0000000100000000)
  eden space 231424K, 4% used [0x00000000e0000000,0x00000000e0979698,0x00000000ee200000)
  from space 34816K, 32% used [0x00000000f0300000,0x00000000f0e27ec8,0x00000000f2500000)
  to   space 33792K, 0% used [0x00000000ee200000,0x00000000ee200000,0x00000000f0300000)
 ParOldGen       total 140800K, used 62435K [0x00000000a0000000, 0x00000000a8980000, 0x00000000e0000000)
  object space 140800K, 44% used [0x00000000a0000000,0x00000000a3cf8e70,0x00000000a8980000)
 Metaspace       used 95576K, capacity 99478K, committed 99556K, reserved 1136640K
  class space    used 12281K, capacity 13131K, committed 13184K, reserved 1048576K
Event: 2291.864 GC heap after
Heap after GC invocations=26 (full 3):
 PSYoungGen      total 265216K, used 6099K [0x00000000e0000000, 0x00000000f7000000, 0x0000000100000000)
  eden space 231424K, 0% used [0x00000000e0000000,0x00000000e0000000,0x00000000ee200000)
  from space 33792K, 18% used [0x00000000ee200000,0x00000000ee7f4c60,0x00000000f0300000)
  to   space 33792K, 0% used [0x00000000f4f00000,0x00000000f4f00000,0x00000000f7000000)
 ParOldGen       total 140800K, used 67732K [0x00000000a0000000, 0x00000000a8980000, 0x00000000e0000000)
  object space 140800K, 48% used [0x00000000a0000000,0x00000000a4225350,0x00000000a8980000)
 Metaspace       used 95576K, capacity 99478K, committed 99556K, reserved 1136640K
  class space    used 12281K, capacity 13131K, committed 13184K, reserved 1048576K
}
Event: 2291.864 GC heap before
{Heap before GC invocations=27 (full 4):
 PSYoungGen      total 265216K, used 6099K [0x00000000e0000000, 0x00000000f7000000, 0x0000000100000000)
  eden space 231424K, 0% used [0x00000000e0000000,0x00000000e0000000,0x00000000ee200000)
  from space 33792K, 18% used [0x00000000ee200000,0x00000000ee7f4c60,0x00000000f0300000)
  to   space 33792K, 0% used [0x00000000f4f00000,0x00000000f4f00000,0x00000000f7000000)
 ParOldGen       total 140800K, used 67732K [0x00000000a0000000, 0x00000000a8980000, 0x00000000e0000000)
  object space 140800K, 48% used [0x00000000a0000000,0x00000000a4225350,0x00000000a8980000)
 Metaspace       used 95576K, capacity 99478K, committed 99556K, reserved 1136640K
  class space    used 12281K, capacity 13131K, committed 13184K, reserved 1048576K
Event: 2292.306 GC heap after
Heap after GC invocations=27 (full 4):
 PSYoungGen      total 265216K, used 0K [0x00000000e0000000, 0x00000000f7000000, 0x0000000100000000)
  eden space 231424K, 0% used [0x00000000e0000000,0x00000000e0000000,0x00000000ee200000)
  from space 33792K, 0% used [0x00000000ee200000,0x00000000ee200000,0x00000000f0300000)
  to   space 33792K, 0% used [0x00000000f4f00000,0x00000000f4f00000,0x00000000f7000000)
 ParOldGen       total 172544K, used 51805K [0x00000000a0000000, 0x00000000aa880000, 0x00000000e0000000)
  object space 172544K, 30% used [0x00000000a0000000,0x00000000a3297740,0x00000000aa880000)
 Metaspace       used 94527K, capacity 97620K, committed 99556K, reserved 1136640K
  class space    used 12083K, capacity 12773K, committed 13184K, reserved 1048576K
}
Event: 2295.343 GC heap before
{Heap before GC invocations=28 (full 4):
 PSYoungGen      total 265216K, used 231424K [0x00000000e0000000, 0x00000000f7000000, 0x0000000100000000)
  eden space 231424K, 100% used [0x00000000e0000000,0x00000000ee200000,0x00000000ee200000)
  from space 33792K, 0% used [0x00000000ee200000,0x00000000ee200000,0x00000000f0300000)
  to   space 33792K, 0% used [0x00000000f4f00000,0x00000000f4f00000,0x00000000f7000000)
 ParOldGen       total 172544K, used 51807K [0x00000000a0000000, 0x00000000aa880000, 0x00000000e0000000)
  object space 172544K, 30% used [0x00000000a0000000,0x00000000a3297f38,0x00000000aa880000)
 Metaspace       used 102551K, capacity 106876K, committed 107136K, reserved 1142784K
  class space    used 13260K, capacity 14127K, committed 14208K, reserved 1048576K
Event: 2295.403 GC heap after
Heap after GC invocations=28 (full 4):
 PSYoungGen      total 340992K, used 14586K [0x00000000e0000000, 0x00000000f6d80000, 0x0000000100000000)
  eden space 309760K, 0% used [0x00000000e0000000,0x00000000e0000000,0x00000000f2e80000)
  from space 31232K, 46% used [0x00000000f4f00000,0x00000000f5d3e808,0x00000000f6d80000)
  to   space 32256K, 0% used [0x00000000f2e80000,0x00000000f2e80000,0x00000000f4e00000)
 ParOldGen       total 172544K, used 51815K [0x00000000a0000000, 0x00000000aa880000, 0x00000000e0000000)
  object space 172544K, 30% used [0x00000000a0000000,0x00000000a3299f38,0x00000000aa880000)
 Metaspace       used 102551K, capacity 106876K, committed 107136K, reserved 1142784K
  class space    used 13260K, capacity 14127K, committed 14208K, reserved 1048576K
}

